<?xml version="1.0" encoding="UTF-8"?>
<!-- Generated by org.testng.reporters.JUnitReportReporter -->
<testsuite hostname="Mifrah" failures="0" tests="1" name="TestCases.TC004_SearchAccount" time="19.821" errors="0" timestamp="2024-12-16T09:39:05 EST" skipped="0">
  <testcase classname="TestCases.TC004_SearchAccount" name="verify_search_account" time="19.821"/>
</testsuite> <!-- TestCases.TC004_SearchAccount -->
