<?xml version="1.0" encoding="UTF-8"?>
<!-- Generated by org.testng.reporters.JUnitReportReporter -->
<testsuite hostname="Mifrah" failures="0" tests="1" name="TestCases.TC003_CreateAccount" time="18.020" errors="0" timestamp="2024-12-16T09:39:05 EST" skipped="0">
  <testcase classname="TestCases.TC003_CreateAccount" name="verify_create_account" time="18.020"/>
</testsuite> <!-- TestCases.TC003_CreateAccount -->
