<?xml version="1.0" encoding="UTF-8"?>
<!-- Generated by org.testng.reporters.JUnitReportReporter -->
<testsuite hostname="Mifrah" failures="0" tests="1" name="TestCases.TC008_CreateAccountListView" time="29.245" errors="0" timestamp="2025-01-09T17:30:37 EST" skipped="0">
  <testcase classname="TestCases.TC008_CreateAccountListView" name="verify_AccListView" time="29.245"/>
</testsuite> <!-- TestCases.TC008_CreateAccountListView -->
