<?xml version="1.0" encoding="UTF-8"?>
<!-- Generated by org.testng.reporters.JUnitReportReporter -->
<testsuite hostname="Mifrah" failures="0" tests="1" name="TestCases.TC006_AccountRelated" time="43.175" errors="0" timestamp="2024-12-20T09:08:37 EST" skipped="0">
  <testcase classname="TestCases.TC006_AccountRelated" name="verify_fileupload" time="43.175"/>
</testsuite> <!-- TestCases.TC006_AccountRelated -->
