<?xml version="1.0" encoding="UTF-8"?>
<!-- Generated by org.testng.reporters.JUnitReportReporter -->
<testsuite hostname="Mifrah" failures="0" tests="1" name="TestCases.TC005_EditAccount" time="55.209" errors="0" timestamp="2024-12-19T15:22:17 EST" skipped="0">
  <testcase classname="TestCases.TC005_EditAccount" name="verify_edit_account" time="55.209"/>
</testsuite> <!-- TestCases.TC005_EditAccount -->
