<?xml version="1.0" encoding="UTF-8"?>
<!-- Generated by org.testng.reporters.JUnitReportReporter -->
<testsuite hostname="Mifrah" failures="0" tests="1" name="TestCases.TC003_CreateAccount" time="58.924" errors="0" timestamp="2024-12-17T17:29:11 EST" skipped="0">
  <testcase classname="TestCases.TC003_CreateAccount" name="verify_create_account" time="58.924"/>
</testsuite> <!-- TestCases.TC003_CreateAccount -->
