<?xml version="1.0" encoding="UTF-8"?>
<!-- Generated by org.testng.reporters.JUnitReportReporter -->
<testsuite hostname="Mifrah" failures="0" tests="1" name="TestCases.TC001_Login" time="9.300" errors="0" timestamp="2024-12-20T15:46:40 EST" skipped="0">
  <testcase classname="TestCases.TC001_Login" name="verify_login" time="9.300"/>
</testsuite> <!-- TestCases.TC001_Login -->
