<?xml version="1.0" encoding="UTF-8"?>
<!-- Generated by org.testng.reporters.JUnitReportReporter -->
<testsuite hostname="Mifrah" failures="0" tests="1" name="TestCases.TC007_AccountApproval" time="77.219" errors="0" timestamp="2024-12-23T20:35:48 EST" skipped="0">
  <testcase classname="TestCases.TC007_AccountApproval" name="verify_accountapproval" time="77.219"/>
</testsuite> <!-- TestCases.TC007_AccountApproval -->
